  postfix.cpp
C:\Users\denis\mp2-lab3-postfix\Сысоев\base\stack.h(69,7): error C2365: TStack<T>::size: переопределение; предыдущим определением было "данные-член"
C:\Users\denis\mp2-lab3-postfix\Сысоев\base\stack.h(10): message : см. объявление "TStack<T>::size"
C:\Users\denis\mp2-lab3-postfix\Сысоев\base\stack.h(87): message : выполняется компиляция ссылки на экземпляр класс шаблон функции "TStack<T>"
C:\Users\denis\mp2-lab3-postfix\Сысоев\base\stack.h(71,1): error C2059: синтаксическая ошибка: return
C:\Users\denis\mp2-lab3-postfix\Сысоев\base\stack.h(71,1): error C2238: непредвиденные лексемы перед ";"
C:\Users\denis\mp2-lab3-postfix\Сысоев\base\stack.h(73,3): error C2146: синтаксическая ошибка: отсутствие ";" перед идентификатором "T"
C:\Users\denis\mp2-lab3-postfix\Сысоев\base\stack.h(70,1): error C2207: "TStack<T>::size": член шаблона класса не может получать тип функции
C:\Users\denis\mp2-lab3-postfix\Сысоев\base\postfix.h(100): message : выполняется компиляция ссылки на экземпляр класс шаблон функции "TStack<char>"
C:\Users\denis\mp2-lab3-postfix\Сысоев\base\stack.h(69,7): error C2365: TStack<char>::size: переопределение; предыдущим определением было "данные-член"
C:\Users\denis\mp2-lab3-postfix\Сысоев\base\stack.h(10): message : см. объявление "TStack<char>::size"
C:\Users\denis\mp2-lab3-postfix\Сысоев\base\postfix.h(113,40): error C2039: "pop": не является членом "TStack<char>".
C:\Users\denis\mp2-lab3-postfix\Сысоев\base\postfix.h(100): message : см. объявление "TStack<char>"
C:\Users\denis\mp2-lab3-postfix\Сысоев\base\postfix.h(118,39): error C2039: "pop": не является членом "TStack<char>".
C:\Users\denis\mp2-lab3-postfix\Сысоев\base\postfix.h(100): message : см. объявление "TStack<char>"
C:\Users\denis\mp2-lab3-postfix\Сысоев\base\postfix.h(126,44): error C2039: "pop": не является членом "TStack<char>".
C:\Users\denis\mp2-lab3-postfix\Сысоев\base\postfix.h(100): message : см. объявление "TStack<char>"
C:\Users\denis\mp2-lab3-postfix\Сысоев\base\postfix.h(139,43): error C2039: "pop": не является членом "TStack<char>".
C:\Users\denis\mp2-lab3-postfix\Сысоев\base\postfix.h(100): message : см. объявление "TStack<char>"
C:\Users\denis\mp2-lab3-postfix\Сысоев\base\postfix.h(408,29): warning C4018: <: несоответствие типов со знаком и без знака
  test_tpostfix.cpp
C:\Users\denis\mp2-lab3-postfix\Сысоев\base\stack.h(69,7): error C2365: TStack<T>::size: переопределение; предыдущим определением было "данные-член"
C:\Users\denis\mp2-lab3-postfix\Сысоев\base\stack.h(10): message : см. объявление "TStack<T>::size"
C:\Users\denis\mp2-lab3-postfix\Сысоев\base\stack.h(87): message : выполняется компиляция ссылки на экземпляр класс шаблон функции "TStack<T>"
C:\Users\denis\mp2-lab3-postfix\Сысоев\base\stack.h(71,1): error C2059: синтаксическая ошибка: return
C:\Users\denis\mp2-lab3-postfix\Сысоев\base\stack.h(71,1): error C2238: непредвиденные лексемы перед ";"
C:\Users\denis\mp2-lab3-postfix\Сысоев\base\stack.h(73,3): error C2146: синтаксическая ошибка: отсутствие ";" перед идентификатором "T"
C:\Users\denis\mp2-lab3-postfix\Сысоев\base\stack.h(70,1): error C2207: "TStack<T>::size": член шаблона класса не может получать тип функции
C:\Users\denis\mp2-lab3-postfix\Сысоев\base\postfix.h(100): message : выполняется компиляция ссылки на экземпляр класс шаблон функции "TStack<char>"
C:\Users\denis\mp2-lab3-postfix\Сысоев\base\stack.h(69,7): error C2365: TStack<char>::size: переопределение; предыдущим определением было "данные-член"
C:\Users\denis\mp2-lab3-postfix\Сысоев\base\stack.h(10): message : см. объявление "TStack<char>::size"
C:\Users\denis\mp2-lab3-postfix\Сысоев\base\postfix.h(113,40): error C2039: "pop": не является членом "TStack<char>".
C:\Users\denis\mp2-lab3-postfix\Сысоев\base\postfix.h(100): message : см. объявление "TStack<char>"
C:\Users\denis\mp2-lab3-postfix\Сысоев\base\postfix.h(118,39): error C2039: "pop": не является членом "TStack<char>".
C:\Users\denis\mp2-lab3-postfix\Сысоев\base\postfix.h(100): message : см. объявление "TStack<char>"
C:\Users\denis\mp2-lab3-postfix\Сысоев\base\postfix.h(126,44): error C2039: "pop": не является членом "TStack<char>".
C:\Users\denis\mp2-lab3-postfix\Сысоев\base\postfix.h(100): message : см. объявление "TStack<char>"
C:\Users\denis\mp2-lab3-postfix\Сысоев\base\postfix.h(139,43): error C2039: "pop": не является членом "TStack<char>".
C:\Users\denis\mp2-lab3-postfix\Сысоев\base\postfix.h(100): message : см. объявление "TStack<char>"
C:\Users\denis\mp2-lab3-postfix\Сысоев\base\postfix.h(408,29): warning C4018: <: несоответствие типов со знаком и без знака
C:\Users\denis\mp2-lab3-postfix\Сысоев\gtest\gtest.h(9690,34): warning C4996: 'std::tr1': warning STL4002: The non-Standard std::tr1 namespace and TR1-only machinery are deprecated and will be REMOVED. You can define _SILENCE_TR1_NAMESPACE_DEPRECATION_WARNING to acknowledge that you have received this warning.
C:\Users\denis\mp2-lab3-postfix\Сысоев\gtest\gtest.h(9695,27): warning C4996: 'std::tr1': warning STL4002: The non-Standard std::tr1 namespace and TR1-only machinery are deprecated and will be REMOVED. You can define _SILENCE_TR1_NAMESPACE_DEPRECATION_WARNING to acknowledge that you have received this warning.
C:\Users\denis\mp2-lab3-postfix\Сысоев\gtest\gtest.h(9700,27): warning C4996: 'std::tr1': warning STL4002: The non-Standard std::tr1 namespace and TR1-only machinery are deprecated and will be REMOVED. You can define _SILENCE_TR1_NAMESPACE_DEPRECATION_WARNING to acknowledge that you have received this warning.
C:\Users\denis\mp2-lab3-postfix\Сысоев\gtest\gtest.h(9705,27): warning C4996: 'std::tr1': warning STL4002: The non-Standard std::tr1 namespace and TR1-only machinery are deprecated and will be REMOVED. You can define _SILENCE_TR1_NAMESPACE_DEPRECATION_WARNING to acknowledge that you have received this warning.
C:\Users\denis\mp2-lab3-postfix\Сысоев\gtest\gtest.h(9710,27): warning C4996: 'std::tr1': warning STL4002: The non-Standard std::tr1 namespace and TR1-only machinery are deprecated and will be REMOVED. You can define _SILENCE_TR1_NAMESPACE_DEPRECATION_WARNING to acknowledge that you have received this warning.
C:\Users\denis\mp2-lab3-postfix\Сысоев\gtest\gtest.h(9715,27): warning C4996: 'std::tr1': warning STL4002: The non-Standard std::tr1 namespace and TR1-only machinery are deprecated and will be REMOVED. You can define _SILENCE_TR1_NAMESPACE_DEPRECATION_WARNING to acknowledge that you have received this warning.
C:\Users\denis\mp2-lab3-postfix\Сысоев\gtest\gtest.h(9722,27): warning C4996: 'std::tr1': warning STL4002: The non-Standard std::tr1 namespace and TR1-only machinery are deprecated and will be REMOVED. You can define _SILENCE_TR1_NAMESPACE_DEPRECATION_WARNING to acknowledge that you have received this warning.
C:\Users\denis\mp2-lab3-postfix\Сысоев\gtest\gtest.h(9729,27): warning C4996: 'std::tr1': warning STL4002: The non-Standard std::tr1 namespace and TR1-only machinery are deprecated and will be REMOVED. You can define _SILENCE_TR1_NAMESPACE_DEPRECATION_WARNING to acknowledge that you have received this warning.
C:\Users\denis\mp2-lab3-postfix\Сысоев\gtest\gtest.h(9736,27): warning C4996: 'std::tr1': warning STL4002: The non-Standard std::tr1 namespace and TR1-only machinery are deprecated and will be REMOVED. You can define _SILENCE_TR1_NAMESPACE_DEPRECATION_WARNING to acknowledge that you have received this warning.
C:\Users\denis\mp2-lab3-postfix\Сысоев\gtest\gtest.h(9743,27): warning C4996: 'std::tr1': warning STL4002: The non-Standard std::tr1 namespace and TR1-only machinery are deprecated and will be REMOVED. You can define _SILENCE_TR1_NAMESPACE_DEPRECATION_WARNING to acknowledge that you have received this warning.
C:\Users\denis\mp2-lab3-postfix\Сысоев\gtest\gtest.h(9751,18): warning C4996: 'std::tr1': warning STL4002: The non-Standard std::tr1 namespace and TR1-only machinery are deprecated and will be REMOVED. You can define _SILENCE_TR1_NAMESPACE_DEPRECATION_WARNING to acknowledge that you have received this warning.
C:\Users\denis\mp2-lab3-postfix\Сысоев\gtest\gtest.h(13778,46): warning C4996: 'std::tr1': warning STL4002: The non-Standard std::tr1 namespace and TR1-only machinery are deprecated and will be REMOVED. You can define _SILENCE_TR1_NAMESPACE_DEPRECATION_WARNING to acknowledge that you have received this warning.
C:\Users\denis\mp2-lab3-postfix\Сысоев\gtest\gtest.h(13888): message : выполняется компиляция ссылки на экземпляр класс шаблон функции "testing::internal::CartesianProductGenerator2<T1,T2>"
C:\Users\denis\mp2-lab3-postfix\Сысоев\gtest\gtest.h(13893,46): warning C4996: 'std::tr1': warning STL4002: The non-Standard std::tr1 namespace and TR1-only machinery are deprecated and will be REMOVED. You can define _SILENCE_TR1_NAMESPACE_DEPRECATION_WARNING to acknowledge that you have received this warning.
C:\Users\denis\mp2-lab3-postfix\Сысоев\gtest\gtest.h(14020): message : выполняется компиляция ссылки на экземпляр класс шаблон функции "testing::internal::CartesianProductGenerator3<T1,T2,T3>"
C:\Users\denis\mp2-lab3-postfix\Сысоев\gtest\gtest.h(14025,46): warning C4996: 'std::tr1': warning STL4002: The non-Standard std::tr1 namespace and TR1-only machinery are deprecated and will be REMOVED. You can define _SILENCE_TR1_NAMESPACE_DEPRECATION_WARNING to acknowledge that you have received this warning.
C:\Users\denis\mp2-lab3-postfix\Сысоев\gtest\gtest.h(14171): message : выполняется компиляция ссылки на экземпляр класс шаблон функции "testing::internal::CartesianProductGenerator4<T1,T2,T3,T4>"
C:\Users\denis\mp2-lab3-postfix\Сысоев\gtest\gtest.h(14176,46): warning C4996: 'std::tr1': warning STL4002: The non-Standard std::tr1 namespace and TR1-only machinery are deprecated and will be REMOVED. You can define _SILENCE_TR1_NAMESPACE_DEPRECATION_WARNING to acknowledge that you have received this warning.
C:\Users\denis\mp2-lab3-postfix\Сысоев\gtest\gtest.h(14338): message : выполняется компиляция ссылки на экземпляр класс шаблон функции "testing::internal::CartesianProductGenerator5<T1,T2,T3,T4,T5>"
C:\Users\denis\mp2-lab3-postfix\Сысоев\gtest\gtest.h(14344,46): warning C4996: 'std::tr1': warning STL4002: The non-Standard std::tr1 namespace and TR1-only machinery are deprecated and will be REMOVED. You can define _SILENCE_TR1_NAMESPACE_DEPRECATION_WARNING to acknowledge that you have received this warning.
C:\Users\denis\mp2-lab3-postfix\Сысоев\gtest\gtest.h(14524): message : выполняется компиляция ссылки на экземпляр класс шаблон функции "testing::internal::CartesianProductGenerator6<T1,T2,T3,T4,T5,T6>"
C:\Users\denis\mp2-lab3-postfix\Сысоев\gtest\gtest.h(14530,46): warning C4996: 'std::tr1': warning STL4002: The non-Standard std::tr1 namespace and TR1-only machinery are deprecated and will be REMOVED. You can define _SILENCE_TR1_NAMESPACE_DEPRECATION_WARNING to acknowledge that you have received this warning.
C:\Users\denis\mp2-lab3-postfix\Сысоев\gtest\gtest.h(14727): message : выполняется компиляция ссылки на экземпляр класс шаблон функции "testing::internal::CartesianProductGenerator7<T1,T2,T3,T4,T5,T6,T7>"
C:\Users\denis\mp2-lab3-postfix\Сысоев\gtest\gtest.h(14733,46): warning C4996: 'std::tr1': warning STL4002: The non-Standard std::tr1 namespace and TR1-only machinery are deprecated and will be REMOVED. You can define _SILENCE_TR1_NAMESPACE_DEPRECATION_WARNING to acknowledge that you have received this warning.
C:\Users\denis\mp2-lab3-postfix\Сысоев\gtest\gtest.h(14949): message : выполняется компиляция ссылки на экземпляр класс шаблон функции "testing::internal::CartesianProductGenerator8<T1,T2,T3,T4,T5,T6,T7,T8>"
C:\Users\denis\mp2-lab3-postfix\Сысоев\gtest\gtest.h(14955,46): warning C4996: 'std::tr1': warning STL4002: The non-Standard std::tr1 namespace and TR1-only machinery are deprecated and will be REMOVED. You can define _SILENCE_TR1_NAMESPACE_DEPRECATION_WARNING to acknowledge that you have received this warning.
C:\Users\denis\mp2-lab3-postfix\Сысоев\gtest\gtest.h(15188): message : выполняется компиляция ссылки на экземпляр класс шаблон функции "testing::internal::CartesianProductGenerator9<T1,T2,T3,T4,T5,T6,T7,T8,T9>"
C:\Users\denis\mp2-lab3-postfix\Сысоев\gtest\gtest.h(15194,46): warning C4996: 'std::tr1': warning STL4002: The non-Standard std::tr1 namespace and TR1-only machinery are deprecated and will be REMOVED. You can define _SILENCE_TR1_NAMESPACE_DEPRECATION_WARNING to acknowledge that you have received this warning.
C:\Users\denis\mp2-lab3-postfix\Сысоев\gtest\gtest.h(15444): message : выполняется компиляция ссылки на экземпляр класс шаблон функции "testing::internal::CartesianProductGenerator10<T1,T2,T3,T4,T5,T6,T7,T8,T9,T10>"
C:\Users\denis\mp2-lab3-postfix\Сысоев\gtest\gtest.h(15459,35): warning C4996: 'std::tr1': warning STL4002: The non-Standard std::tr1 namespace and TR1-only machinery are deprecated and will be REMOVED. You can define _SILENCE_TR1_NAMESPACE_DEPRECATION_WARNING to acknowledge that you have received this warning.
C:\Users\denis\mp2-lab3-postfix\Сысоев\gtest\gtest.h(15472): message : выполняется компиляция ссылки на экземпляр класс шаблон функции "testing::internal::CartesianProductHolder2<Generator1,Generator2>"
C:\Users\denis\mp2-lab3-postfix\Сысоев\gtest\gtest.h(15481,35): warning C4996: 'std::tr1': warning STL4002: The non-Standard std::tr1 namespace and TR1-only machinery are deprecated and will be REMOVED. You can define _SILENCE_TR1_NAMESPACE_DEPRECATION_WARNING to acknowledge that you have received this warning.
C:\Users\denis\mp2-lab3-postfix\Сысоев\gtest\gtest.h(15496): message : выполняется компиляция ссылки на экземпляр класс шаблон функции "testing::internal::CartesianProductHolder3<Generator1,Generator2,Generator3>"
C:\Users\denis\mp2-lab3-postfix\Сысоев\gtest\gtest.h(15506,35): warning C4996: 'std::tr1': warning STL4002: The non-Standard std::tr1 namespace and TR1-only machinery are deprecated and will be REMOVED. You can define _SILENCE_TR1_NAMESPACE_DEPRECATION_WARNING to acknowledge that you have received this warning.
C:\Users\denis\mp2-lab3-postfix\Сысоев\gtest\gtest.h(15523): message : выполняется компиляция ссылки на экземпляр класс шаблон функции "testing::internal::CartesianProductHolder4<Generator1,Generator2,Generator3,Generator4>"
C:\Users\denis\mp2-lab3-postfix\Сысоев\gtest\gtest.h(15533,35): warning C4996: 'std::tr1': warning STL4002: The non-Standard std::tr1 namespace and TR1-only machinery are deprecated and will be REMOVED. You can define _SILENCE_TR1_NAMESPACE_DEPRECATION_WARNING to acknowledge that you have received this warning.
C:\Users\denis\mp2-lab3-postfix\Сысоев\gtest\gtest.h(15552): message : выполняется компиляция ссылки на экземпляр класс шаблон функции "testing::internal::CartesianProductHolder5<Generator1,Generator2,Generator3,Generator4,Generator5>"
C:\Users\denis\mp2-lab3-postfix\Сысоев\gtest\gtest.h(15564,35): warning C4996: 'std::tr1': warning STL4002: The non-Standard std::tr1 namespace and TR1-only machinery are deprecated and will be REMOVED. You can define _SILENCE_TR1_NAMESPACE_DEPRECATION_WARNING to acknowledge that you have received this warning.
C:\Users\denis\mp2-lab3-postfix\Сысоев\gtest\gtest.h(15585): message : выполняется компиляция ссылки на экземпляр класс шаблон функции "testing::internal::CartesianProductHolder6<Generator1,Generator2,Generator3,Generator4,Generator5,Generator6>"
C:\Users\denis\mp2-lab3-postfix\Сысоев\gtest\gtest.h(15597,35): warning C4996: 'std::tr1': warning STL4002: The non-Standard std::tr1 namespace and TR1-only machinery are deprecated and will be REMOVED. You can define _SILENCE_TR1_NAMESPACE_DEPRECATION_WARNING to acknowledge that you have received this warning.
C:\Users\denis\mp2-lab3-postfix\Сысоев\gtest\gtest.h(15621): message : выполняется компиляция ссылки на экземпляр класс шаблон функции "testing::internal::CartesianProductHolder7<Generator1,Generator2,Generator3,Generator4,Generator5,Generator6,Generator7>"
C:\Users\denis\mp2-lab3-postfix\Сысоев\gtest\gtest.h(15635,35): warning C4996: 'std::tr1': warning STL4002: The non-Standard std::tr1 namespace and TR1-only machinery are deprecated and will be REMOVED. You can define _SILENCE_TR1_NAMESPACE_DEPRECATION_WARNING to acknowledge that you have received this warning.
C:\Users\denis\mp2-lab3-postfix\Сысоев\gtest\gtest.h(15661): message : выполняется компиляция ссылки на экземпляр класс шаблон функции "testing::internal::CartesianProductHolder8<Generator1,Generator2,Generator3,Generator4,Generator5,Generator6,Generator7,Generator8>"
C:\Users\denis\mp2-lab3-postfix\Сысоев\gtest\gtest.h(15676,35): warning C4996: 'std::tr1': warning STL4002: The non-Standard std::tr1 namespace and TR1-only machinery are deprecated and will be REMOVED. You can define _SILENCE_TR1_NAMESPACE_DEPRECATION_WARNING to acknowledge that you have received this warning.
C:\Users\denis\mp2-lab3-postfix\Сысоев\gtest\gtest.h(15705): message : выполняется компиляция ссылки на экземпляр класс шаблон функции "testing::internal::CartesianProductHolder9<Generator1,Generator2,Generator3,Generator4,Generator5,Generator6,Generator7,Generator8,Generator9>"
C:\Users\denis\mp2-lab3-postfix\Сысоев\gtest\gtest.h(15720,35): warning C4996: 'std::tr1': warning STL4002: The non-Standard std::tr1 namespace and TR1-only machinery are deprecated and will be REMOVED. You can define _SILENCE_TR1_NAMESPACE_DEPRECATION_WARNING to acknowledge that you have received this warning.
C:\Users\denis\mp2-lab3-postfix\Сысоев\gtest\gtest.h(15752): message : выполняется компиляция ссылки на экземпляр класс шаблон функции "testing::internal::CartesianProductHolder10<Generator1,Generator2,Generator3,Generator4,Generator5,Generator6,Generator7,Generator8,Generator9,Generator10>"
  test_tstack.cpp
C:\Users\denis\mp2-lab3-postfix\Сысоев\base\stack.h(69,7): error C2365: TStack<T>::size: переопределение; предыдущим определением было "данные-член"
C:\Users\denis\mp2-lab3-postfix\Сысоев\base\stack.h(10): message : см. объявление "TStack<T>::size"
C:\Users\denis\mp2-lab3-postfix\Сысоев\base\stack.h(87): message : выполняется компиляция ссылки на экземпляр класс шаблон функции "TStack<T>"
C:\Users\denis\mp2-lab3-postfix\Сысоев\base\stack.h(71,1): error C2059: синтаксическая ошибка: return
C:\Users\denis\mp2-lab3-postfix\Сысоев\base\stack.h(71,1): error C2238: непредвиденные лексемы перед ";"
C:\Users\denis\mp2-lab3-postfix\Сысоев\base\stack.h(73,3): error C2146: синтаксическая ошибка: отсутствие ";" перед идентификатором "T"
C:\Users\denis\mp2-lab3-postfix\Сысоев\gtest\gtest.h(9690,34): warning C4996: 'std::tr1': warning STL4002: The non-Standard std::tr1 namespace and TR1-only machinery are deprecated and will be REMOVED. You can define _SILENCE_TR1_NAMESPACE_DEPRECATION_WARNING to acknowledge that you have received this warning.
C:\Users\denis\mp2-lab3-postfix\Сысоев\gtest\gtest.h(9695,27): warning C4996: 'std::tr1': warning STL4002: The non-Standard std::tr1 namespace and TR1-only machinery are deprecated and will be REMOVED. You can define _SILENCE_TR1_NAMESPACE_DEPRECATION_WARNING to acknowledge that you have received this warning.
C:\Users\denis\mp2-lab3-postfix\Сысоев\gtest\gtest.h(9700,27): warning C4996: 'std::tr1': warning STL4002: The non-Standard std::tr1 namespace and TR1-only machinery are deprecated and will be REMOVED. You can define _SILENCE_TR1_NAMESPACE_DEPRECATION_WARNING to acknowledge that you have received this warning.
C:\Users\denis\mp2-lab3-postfix\Сысоев\gtest\gtest.h(9705,27): warning C4996: 'std::tr1': warning STL4002: The non-Standard std::tr1 namespace and TR1-only machinery are deprecated and will be REMOVED. You can define _SILENCE_TR1_NAMESPACE_DEPRECATION_WARNING to acknowledge that you have received this warning.
C:\Users\denis\mp2-lab3-postfix\Сысоев\gtest\gtest.h(9710,27): warning C4996: 'std::tr1': warning STL4002: The non-Standard std::tr1 namespace and TR1-only machinery are deprecated and will be REMOVED. You can define _SILENCE_TR1_NAMESPACE_DEPRECATION_WARNING to acknowledge that you have received this warning.
C:\Users\denis\mp2-lab3-postfix\Сысоев\gtest\gtest.h(9715,27): warning C4996: 'std::tr1': warning STL4002: The non-Standard std::tr1 namespace and TR1-only machinery are deprecated and will be REMOVED. You can define _SILENCE_TR1_NAMESPACE_DEPRECATION_WARNING to acknowledge that you have received this warning.
C:\Users\denis\mp2-lab3-postfix\Сысоев\gtest\gtest.h(9722,27): warning C4996: 'std::tr1': warning STL4002: The non-Standard std::tr1 namespace and TR1-only machinery are deprecated and will be REMOVED. You can define _SILENCE_TR1_NAMESPACE_DEPRECATION_WARNING to acknowledge that you have received this warning.
C:\Users\denis\mp2-lab3-postfix\Сысоев\gtest\gtest.h(9729,27): warning C4996: 'std::tr1': warning STL4002: The non-Standard std::tr1 namespace and TR1-only machinery are deprecated and will be REMOVED. You can define _SILENCE_TR1_NAMESPACE_DEPRECATION_WARNING to acknowledge that you have received this warning.
C:\Users\denis\mp2-lab3-postfix\Сысоев\gtest\gtest.h(9736,27): warning C4996: 'std::tr1': warning STL4002: The non-Standard std::tr1 namespace and TR1-only machinery are deprecated and will be REMOVED. You can define _SILENCE_TR1_NAMESPACE_DEPRECATION_WARNING to acknowledge that you have received this warning.
C:\Users\denis\mp2-lab3-postfix\Сысоев\gtest\gtest.h(9743,27): warning C4996: 'std::tr1': warning STL4002: The non-Standard std::tr1 namespace and TR1-only machinery are deprecated and will be REMOVED. You can define _SILENCE_TR1_NAMESPACE_DEPRECATION_WARNING to acknowledge that you have received this warning.
C:\Users\denis\mp2-lab3-postfix\Сысоев\gtest\gtest.h(9751,18): warning C4996: 'std::tr1': warning STL4002: The non-Standard std::tr1 namespace and TR1-only machinery are deprecated and will be REMOVED. You can define _SILENCE_TR1_NAMESPACE_DEPRECATION_WARNING to acknowledge that you have received this warning.
C:\Users\denis\mp2-lab3-postfix\Сысоев\gtest\gtest.h(13778,46): warning C4996: 'std::tr1': warning STL4002: The non-Standard std::tr1 namespace and TR1-only machinery are deprecated and will be REMOVED. You can define _SILENCE_TR1_NAMESPACE_DEPRECATION_WARNING to acknowledge that you have received this warning.
C:\Users\denis\mp2-lab3-postfix\Сысоев\gtest\gtest.h(13888): message : выполняется компиляция ссылки на экземпляр класс шаблон функции "testing::internal::CartesianProductGenerator2<T1,T2>"
C:\Users\denis\mp2-lab3-postfix\Сысоев\gtest\gtest.h(13893,46): warning C4996: 'std::tr1': warning STL4002: The non-Standard std::tr1 namespace and TR1-only machinery are deprecated and will be REMOVED. You can define _SILENCE_TR1_NAMESPACE_DEPRECATION_WARNING to acknowledge that you have received this warning.
C:\Users\denis\mp2-lab3-postfix\Сысоев\gtest\gtest.h(14020): message : выполняется компиляция ссылки на экземпляр класс шаблон функции "testing::internal::CartesianProductGenerator3<T1,T2,T3>"
C:\Users\denis\mp2-lab3-postfix\Сысоев\gtest\gtest.h(14025,46): warning C4996: 'std::tr1': warning STL4002: The non-Standard std::tr1 namespace and TR1-only machinery are deprecated and will be REMOVED. You can define _SILENCE_TR1_NAMESPACE_DEPRECATION_WARNING to acknowledge that you have received this warning.
C:\Users\denis\mp2-lab3-postfix\Сысоев\gtest\gtest.h(14171): message : выполняется компиляция ссылки на экземпляр класс шаблон функции "testing::internal::CartesianProductGenerator4<T1,T2,T3,T4>"
C:\Users\denis\mp2-lab3-postfix\Сысоев\gtest\gtest.h(14176,46): warning C4996: 'std::tr1': warning STL4002: The non-Standard std::tr1 namespace and TR1-only machinery are deprecated and will be REMOVED. You can define _SILENCE_TR1_NAMESPACE_DEPRECATION_WARNING to acknowledge that you have received this warning.
C:\Users\denis\mp2-lab3-postfix\Сысоев\gtest\gtest.h(14338): message : выполняется компиляция ссылки на экземпляр класс шаблон функции "testing::internal::CartesianProductGenerator5<T1,T2,T3,T4,T5>"
C:\Users\denis\mp2-lab3-postfix\Сысоев\gtest\gtest.h(14344,46): warning C4996: 'std::tr1': warning STL4002: The non-Standard std::tr1 namespace and TR1-only machinery are deprecated and will be REMOVED. You can define _SILENCE_TR1_NAMESPACE_DEPRECATION_WARNING to acknowledge that you have received this warning.
C:\Users\denis\mp2-lab3-postfix\Сысоев\gtest\gtest.h(14524): message : выполняется компиляция ссылки на экземпляр класс шаблон функции "testing::internal::CartesianProductGenerator6<T1,T2,T3,T4,T5,T6>"
C:\Users\denis\mp2-lab3-postfix\Сысоев\gtest\gtest.h(14530,46): warning C4996: 'std::tr1': warning STL4002: The non-Standard std::tr1 namespace and TR1-only machinery are deprecated and will be REMOVED. You can define _SILENCE_TR1_NAMESPACE_DEPRECATION_WARNING to acknowledge that you have received this warning.
C:\Users\denis\mp2-lab3-postfix\Сысоев\gtest\gtest.h(14727): message : выполняется компиляция ссылки на экземпляр класс шаблон функции "testing::internal::CartesianProductGenerator7<T1,T2,T3,T4,T5,T6,T7>"
C:\Users\denis\mp2-lab3-postfix\Сысоев\gtest\gtest.h(14733,46): warning C4996: 'std::tr1': warning STL4002: The non-Standard std::tr1 namespace and TR1-only machinery are deprecated and will be REMOVED. You can define _SILENCE_TR1_NAMESPACE_DEPRECATION_WARNING to acknowledge that you have received this warning.
C:\Users\denis\mp2-lab3-postfix\Сысоев\gtest\gtest.h(14949): message : выполняется компиляция ссылки на экземпляр класс шаблон функции "testing::internal::CartesianProductGenerator8<T1,T2,T3,T4,T5,T6,T7,T8>"
C:\Users\denis\mp2-lab3-postfix\Сысоев\gtest\gtest.h(14955,46): warning C4996: 'std::tr1': warning STL4002: The non-Standard std::tr1 namespace and TR1-only machinery are deprecated and will be REMOVED. You can define _SILENCE_TR1_NAMESPACE_DEPRECATION_WARNING to acknowledge that you have received this warning.
C:\Users\denis\mp2-lab3-postfix\Сысоев\gtest\gtest.h(15188): message : выполняется компиляция ссылки на экземпляр класс шаблон функции "testing::internal::CartesianProductGenerator9<T1,T2,T3,T4,T5,T6,T7,T8,T9>"
C:\Users\denis\mp2-lab3-postfix\Сысоев\gtest\gtest.h(15194,46): warning C4996: 'std::tr1': warning STL4002: The non-Standard std::tr1 namespace and TR1-only machinery are deprecated and will be REMOVED. You can define _SILENCE_TR1_NAMESPACE_DEPRECATION_WARNING to acknowledge that you have received this warning.
C:\Users\denis\mp2-lab3-postfix\Сысоев\gtest\gtest.h(15444): message : выполняется компиляция ссылки на экземпляр класс шаблон функции "testing::internal::CartesianProductGenerator10<T1,T2,T3,T4,T5,T6,T7,T8,T9,T10>"
C:\Users\denis\mp2-lab3-postfix\Сысоев\gtest\gtest.h(15459,35): warning C4996: 'std::tr1': warning STL4002: The non-Standard std::tr1 namespace and TR1-only machinery are deprecated and will be REMOVED. You can define _SILENCE_TR1_NAMESPACE_DEPRECATION_WARNING to acknowledge that you have received this warning.
C:\Users\denis\mp2-lab3-postfix\Сысоев\gtest\gtest.h(15472): message : выполняется компиляция ссылки на экземпляр класс шаблон функции "testing::internal::CartesianProductHolder2<Generator1,Generator2>"
C:\Users\denis\mp2-lab3-postfix\Сысоев\gtest\gtest.h(15481,35): warning C4996: 'std::tr1': warning STL4002: The non-Standard std::tr1 namespace and TR1-only machinery are deprecated and will be REMOVED. You can define _SILENCE_TR1_NAMESPACE_DEPRECATION_WARNING to acknowledge that you have received this warning.
C:\Users\denis\mp2-lab3-postfix\Сысоев\gtest\gtest.h(15496): message : выполняется компиляция ссылки на экземпляр класс шаблон функции "testing::internal::CartesianProductHolder3<Generator1,Generator2,Generator3>"
C:\Users\denis\mp2-lab3-postfix\Сысоев\gtest\gtest.h(15506,35): warning C4996: 'std::tr1': warning STL4002: The non-Standard std::tr1 namespace and TR1-only machinery are deprecated and will be REMOVED. You can define _SILENCE_TR1_NAMESPACE_DEPRECATION_WARNING to acknowledge that you have received this warning.
C:\Users\denis\mp2-lab3-postfix\Сысоев\gtest\gtest.h(15523): message : выполняется компиляция ссылки на экземпляр класс шаблон функции "testing::internal::CartesianProductHolder4<Generator1,Generator2,Generator3,Generator4>"
C:\Users\denis\mp2-lab3-postfix\Сысоев\gtest\gtest.h(15533,35): warning C4996: 'std::tr1': warning STL4002: The non-Standard std::tr1 namespace and TR1-only machinery are deprecated and will be REMOVED. You can define _SILENCE_TR1_NAMESPACE_DEPRECATION_WARNING to acknowledge that you have received this warning.
C:\Users\denis\mp2-lab3-postfix\Сысоев\gtest\gtest.h(15552): message : выполняется компиляция ссылки на экземпляр класс шаблон функции "testing::internal::CartesianProductHolder5<Generator1,Generator2,Generator3,Generator4,Generator5>"
C:\Users\denis\mp2-lab3-postfix\Сысоев\gtest\gtest.h(15564,35): warning C4996: 'std::tr1': warning STL4002: The non-Standard std::tr1 namespace and TR1-only machinery are deprecated and will be REMOVED. You can define _SILENCE_TR1_NAMESPACE_DEPRECATION_WARNING to acknowledge that you have received this warning.
C:\Users\denis\mp2-lab3-postfix\Сысоев\gtest\gtest.h(15585): message : выполняется компиляция ссылки на экземпляр класс шаблон функции "testing::internal::CartesianProductHolder6<Generator1,Generator2,Generator3,Generator4,Generator5,Generator6>"
C:\Users\denis\mp2-lab3-postfix\Сысоев\gtest\gtest.h(15597,35): warning C4996: 'std::tr1': warning STL4002: The non-Standard std::tr1 namespace and TR1-only machinery are deprecated and will be REMOVED. You can define _SILENCE_TR1_NAMESPACE_DEPRECATION_WARNING to acknowledge that you have received this warning.
C:\Users\denis\mp2-lab3-postfix\Сысоев\gtest\gtest.h(15621): message : выполняется компиляция ссылки на экземпляр класс шаблон функции "testing::internal::CartesianProductHolder7<Generator1,Generator2,Generator3,Generator4,Generator5,Generator6,Generator7>"
C:\Users\denis\mp2-lab3-postfix\Сысоев\gtest\gtest.h(15635,35): warning C4996: 'std::tr1': warning STL4002: The non-Standard std::tr1 namespace and TR1-only machinery are deprecated and will be REMOVED. You can define _SILENCE_TR1_NAMESPACE_DEPRECATION_WARNING to acknowledge that you have received this warning.
C:\Users\denis\mp2-lab3-postfix\Сысоев\gtest\gtest.h(15661): message : выполняется компиляция ссылки на экземпляр класс шаблон функции "testing::internal::CartesianProductHolder8<Generator1,Generator2,Generator3,Generator4,Generator5,Generator6,Generator7,Generator8>"
C:\Users\denis\mp2-lab3-postfix\Сысоев\gtest\gtest.h(15676,35): warning C4996: 'std::tr1': warning STL4002: The non-Standard std::tr1 namespace and TR1-only machinery are deprecated and will be REMOVED. You can define _SILENCE_TR1_NAMESPACE_DEPRECATION_WARNING to acknowledge that you have received this warning.
C:\Users\denis\mp2-lab3-postfix\Сысоев\gtest\gtest.h(15705): message : выполняется компиляция ссылки на экземпляр класс шаблон функции "testing::internal::CartesianProductHolder9<Generator1,Generator2,Generator3,Generator4,Generator5,Generator6,Generator7,Generator8,Generator9>"
C:\Users\denis\mp2-lab3-postfix\Сысоев\gtest\gtest.h(15720,35): warning C4996: 'std::tr1': warning STL4002: The non-Standard std::tr1 namespace and TR1-only machinery are deprecated and will be REMOVED. You can define _SILENCE_TR1_NAMESPACE_DEPRECATION_WARNING to acknowledge that you have received this warning.
C:\Users\denis\mp2-lab3-postfix\Сысоев\gtest\gtest.h(15752): message : выполняется компиляция ссылки на экземпляр класс шаблон функции "testing::internal::CartesianProductHolder10<Generator1,Generator2,Generator3,Generator4,Generator5,Generator6,Generator7,Generator8,Generator9,Generator10>"
C:\Users\denis\mp2-lab3-postfix\Сысоев\base\stack.h(70,1): error C2207: "TStack<T>::size": член шаблона класса не может получать тип функции
C:\Users\denis\mp2-lab3-postfix\Сысоев\base_test\test_tstack.cpp(6): message : выполняется компиляция ссылки на экземпляр класс шаблон функции "TStack<int>"
C:\Users\denis\mp2-lab3-postfix\Сысоев\base\stack.h(69,7): error C2365: TStack<int>::size: переопределение; предыдущим определением было "данные-член"
C:\Users\denis\mp2-lab3-postfix\Сысоев\base\stack.h(10): message : см. объявление "TStack<int>::size"
C:\Users\denis\mp2-lab3-postfix\Сысоев\base_test\test_tstack.cpp(22,2): error C2039: "pop": не является членом "TStack<int>".
C:\Users\denis\mp2-lab3-postfix\Сысоев\base_test\test_tstack.cpp(6): message : см. объявление "TStack<int>"
C:\Users\denis\mp2-lab3-postfix\Сысоев\base_test\test_tstack.cpp(22,2): error C2660: testing::internal::EqHelper<false>::Compare: функция не принимает 3 аргументов
C:\Users\denis\mp2-lab3-postfix\Сысоев\gtest\gtest.h(18909,26): message : см. объявление "testing::internal::EqHelper<false>::Compare"
C:\Users\denis\mp2-lab3-postfix\Сысоев\base_test\test_tstack.cpp(22,2): error C2512: testing::AssertionResult: нет подходящего конструктора по умолчанию
C:\Users\denis\mp2-lab3-postfix\Сысоев\gtest\gtest.h(17671,18): message : см. объявление "testing::AssertionResult"
C:\Users\denis\mp2-lab3-postfix\Сысоев\base\stack.h(69,7): error C2365: TStack<char>::size: переопределение; предыдущим определением было "данные-член"
C:\Users\denis\mp2-lab3-postfix\Сысоев\base\stack.h(10): message : см. объявление "TStack<char>::size"
C:\Users\denis\mp2-lab3-postfix\Сысоев\base_test\test_tstack.cpp(29,2): error C2039: "pop": не является членом "TStack<char>".
C:\Users\denis\mp2-lab3-postfix\Сысоев\base_test\test_tstack.cpp(26): message : см. объявление "TStack<char>"
C:\Users\denis\mp2-lab3-postfix\Сысоев\base_test\test_tstack.cpp(29,2): error C2660: testing::internal::EqHelper<false>::Compare: функция не принимает 3 аргументов
C:\Users\denis\mp2-lab3-postfix\Сысоев\gtest\gtest.h(18909,26): message : см. объявление "testing::internal::EqHelper<false>::Compare"
C:\Users\denis\mp2-lab3-postfix\Сысоев\base_test\test_tstack.cpp(29,2): error C2512: testing::AssertionResult: нет подходящего конструктора по умолчанию
C:\Users\denis\mp2-lab3-postfix\Сысоев\gtest\gtest.h(17671,18): message : см. объявление "testing::AssertionResult"
C:\Users\denis\mp2-lab3-postfix\Сысоев\base_test\test_tstack.cpp(36,5): error C2039: "pop": не является членом "TStack<char>".
C:\Users\denis\mp2-lab3-postfix\Сысоев\base_test\test_tstack.cpp(26): message : см. объявление "TStack<char>"
C:\Users\denis\mp2-lab3-postfix\Сысоев\base_test\test_tstack.cpp(38,2): error C2039: "pop": не является членом "TStack<char>".
C:\Users\denis\mp2-lab3-postfix\Сысоев\base_test\test_tstack.cpp(26): message : см. объявление "TStack<char>"
C:\Users\denis\mp2-lab3-postfix\Сысоев\base_test\test_tstack.cpp(38,2): error C2660: testing::internal::EqHelper<false>::Compare: функция не принимает 3 аргументов
C:\Users\denis\mp2-lab3-postfix\Сысоев\gtest\gtest.h(18909,26): message : см. объявление "testing::internal::EqHelper<false>::Compare"
C:\Users\denis\mp2-lab3-postfix\Сысоев\base_test\test_tstack.cpp(38,2): error C2512: testing::AssertionResult: нет подходящего конструктора по умолчанию
C:\Users\denis\mp2-lab3-postfix\Сысоев\gtest\gtest.h(17671,18): message : см. объявление "testing::AssertionResult"
C:\Users\denis\mp2-lab3-postfix\Сысоев\base_test\test_tstack.cpp(43,2): error C2039: "isempty": не является членом "TStack<int>".
C:\Users\denis\mp2-lab3-postfix\Сысоев\base_test\test_tstack.cpp(6): message : см. объявление "TStack<int>"
C:\Users\denis\mp2-lab3-postfix\Сысоев\base_test\test_tstack.cpp(43,2): error C2660: testing::internal::EqHelper<false>::Compare: функция не принимает 3 аргументов
C:\Users\denis\mp2-lab3-postfix\Сысоев\gtest\gtest.h(18909,26): message : см. объявление "testing::internal::EqHelper<false>::Compare"
C:\Users\denis\mp2-lab3-postfix\Сысоев\base_test\test_tstack.cpp(43,2): error C2512: testing::AssertionResult: нет подходящего конструктора по умолчанию
C:\Users\denis\mp2-lab3-postfix\Сысоев\gtest\gtest.h(17671,18): message : см. объявление "testing::AssertionResult"
C:\Users\denis\mp2-lab3-postfix\Сысоев\base_test\test_tstack.cpp(49,2): error C2039: "isfull": не является членом "TStack<int>".
C:\Users\denis\mp2-lab3-postfix\Сысоев\base_test\test_tstack.cpp(6): message : см. объявление "TStack<int>"
C:\Users\denis\mp2-lab3-postfix\Сысоев\base_test\test_tstack.cpp(49,2): error C2660: testing::internal::EqHelper<false>::Compare: функция не принимает 3 аргументов
C:\Users\denis\mp2-lab3-postfix\Сысоев\gtest\gtest.h(18909,26): message : см. объявление "testing::internal::EqHelper<false>::Compare"
C:\Users\denis\mp2-lab3-postfix\Сысоев\base_test\test_tstack.cpp(49,2): error C2512: testing::AssertionResult: нет подходящего конструктора по умолчанию
C:\Users\denis\mp2-lab3-postfix\Сысоев\gtest\gtest.h(17671,18): message : см. объявление "testing::AssertionResult"
C:\Users\denis\mp2-lab3-postfix\Сысоев\base_test\test_tstack.cpp(56,2): error C2248: TStack<char>::size: невозможно обратиться к private член, объявленному в классе "TStack<char>"
C:\Users\denis\mp2-lab3-postfix\Сысоев\base\stack.h(10): message : см. объявление "TStack<char>::size"
C:\Users\denis\mp2-lab3-postfix\Сысоев\base_test\test_tstack.cpp(26): message : см. объявление "TStack<char>"
C:\Users\denis\mp2-lab3-postfix\Сысоев\base_test\test_tstack.cpp(56,2): error C2064: результатом вычисления фрагмента не является функция, принимающая 0 аргументов
C:\Users\denis\mp2-lab3-postfix\Сысоев\base_test\test_tstack.cpp(56,2): error C2660: testing::internal::EqHelper<false>::Compare: функция не принимает 3 аргументов
C:\Users\denis\mp2-lab3-postfix\Сысоев\gtest\gtest.h(18909,26): message : см. объявление "testing::internal::EqHelper<false>::Compare"
C:\Users\denis\mp2-lab3-postfix\Сысоев\base_test\test_tstack.cpp(56,2): error C2512: testing::AssertionResult: нет подходящего конструктора по умолчанию
C:\Users\denis\mp2-lab3-postfix\Сысоев\gtest\gtest.h(17671,18): message : см. объявление "testing::AssertionResult"
